<?xml version="1.0" encoding="UTF-8"?>
<testsuite xmlns:xsi="http://www.w3.org/2001/XMLSchema-instance" xsi:noNamespaceSchemaLocation="https://maven.apache.org/surefire/maven-surefire-plugin/xsd/surefire-test-report-3.0.xsd" version="3.0" name="TestSuite" time="9.89" tests="1" errors="0" skipped="0" failures="0">
  <properties>
[...]
</properties>
  <testcase name="endToEndTest" classname="test.RestAssuredTest" time="8.37">
    <system-out><![CDATA[Request method:	POST
Request URI:	http://localhost:9092/api/v1/auth/login
Proxy:			<none>
Request params:	<none>
Query params:	<none>
Form params:	<none>
Path params:	<none>
Headers:		Accept=*/*
				Content-Type=application/json
Cookies:		<none>
Multiparts:		<none>
Body:
{
    "username": "postman07@gmail.com",
    "password": "test"
}
HTTP/1.1 202 
X-Content-Type-Options: nosniff
X-XSS-Protection: 0
Cache-Control: no-cache, no-store, max-age=0, must-revalidate
Pragma: no-cache
Expires: 0
X-Frame-Options: DENY
Content-Type: application/json
Transfer-Encoding: chunked
Date: Wed, 18 Dec 2024 18:54:33 GMT
Keep-Alive: timeout=60
Connection: keep-alive

{
    "jwtToken": "eyJhbGciOiJIUzUxMiJ9.eyJzdWIiOiJwb3N0bWFuMDdAZ21haWwuY29tIiwiaWF0IjoxNzM0NTQ4MDczLCJleHAiOjE3MzQ1NjYwNzN9.ZWGO22wJQZIZ1AbzOSVCICuqVT5xf33b2bFDU_KaGgRGcWZgzMQkKWGeat0rN8A8h3gcRibABYPUmaZvRH0Q_w",
    "user_id": 2
}
Request method:	POST
Request URI:	http://localhost:9092/api/category
Proxy:			<none>
Request params:	<none>
Query params:	<none>
Form params:	<none>
Path params:	<none>
Headers:		Authorization=Bearer eyJhbGciOiJIUzUxMiJ9.eyJzdWIiOiJwb3N0bWFuMDdAZ21haWwuY29tIiwiaWF0IjoxNzM0NTQ4MDczLCJleHAiOjE3MzQ1NjYwNzN9.ZWGO22wJQZIZ1AbzOSVCICuqVT5xf33b2bFDU_KaGgRGcWZgzMQkKWGeat0rN8A8h3gcRibABYPUmaZvRH0Q_w
				Accept=*/*
				Content-Type=application/json
Cookies:		<none>
Multiparts:		<none>
Body:
{
    "categoryTitle": "black adam"
}
HTTP/1.1 201 
X-Content-Type-Options: nosniff
X-XSS-Protection: 0
Cache-Control: no-cache, no-store, max-age=0, must-revalidate
Pragma: no-cache
Expires: 0
X-Frame-Options: DENY
Content-Type: application/json
Transfer-Encoding: chunked
Date: Wed, 18 Dec 2024 18:54:33 GMT
Keep-Alive: timeout=60
Connection: keep-alive

{
    "categoryTitle": "black adam",
    "cid": 7
}
black adam
Request method:	POST
Request URI:	http://localhost:9092/api/user/2/category/7/posts
Proxy:			<none>
Request params:	<none>
Query params:	<none>
Form params:	<none>
Path params:	<none>
Headers:		authorization=Bearer eyJhbGciOiJIUzUxMiJ9.eyJzdWIiOiJwb3N0bWFuMDdAZ21haWwuY29tIiwiaWF0IjoxNzM0NTQ4MDczLCJleHAiOjE3MzQ1NjYwNzN9.ZWGO22wJQZIZ1AbzOSVCICuqVT5xf33b2bFDU_KaGgRGcWZgzMQkKWGeat0rN8A8h3gcRibABYPUmaZvRH0Q_w
				Accept=*/*
				Content-Type=application/json
Cookies:		<none>
Multiparts:		<none>
Body:
{
    "title": "super heros",
    "content": "spider and robin"
}
HTTP/1.1 201 
X-Content-Type-Options: nosniff
X-XSS-Protection: 0
Cache-Control: no-cache, no-store, max-age=0, must-revalidate
Pragma: no-cache
Expires: 0
X-Frame-Options: DENY
Content-Type: application/json
Transfer-Encoding: chunked
Date: Wed, 18 Dec 2024 18:54:33 GMT
Keep-Alive: timeout=60
Connection: keep-alive

{
    "title": "super heros",
    "content": "spider and robin",
    "imagename": "default.png",
    "addedDate": 1734548074382,
    "category": {
        "categoryTitle": "black adam",
        "cid": 7
    },
    "user": {
        "user_id": 2,
        "email": "postman07@gmail.com",
        "password": "$2a$10$R8oZblutkG1f4eyoR1peQet1/BsA8vmsIURRWfXwmHlxStsg3gYVu",
        "name": "jenkins",
        "roles": [
            {
                "roleId": 101,
                "rolename": "ROLE_NORMAL"
            }
        ]
    },
    "comments": [
        
    ],
    "pid": 7
}
7
Request method:	GET
Request URI:	http://localhost:9092/api/posts/7
Proxy:			<none>
Request params:	<none>
Query params:	<none>
Form params:	<none>
Path params:	<none>
Headers:		authorization=Bearer eyJhbGciOiJIUzUxMiJ9.eyJzdWIiOiJwb3N0bWFuMDdAZ21haWwuY29tIiwiaWF0IjoxNzM0NTQ4MDczLCJleHAiOjE3MzQ1NjYwNzN9.ZWGO22wJQZIZ1AbzOSVCICuqVT5xf33b2bFDU_KaGgRGcWZgzMQkKWGeat0rN8A8h3gcRibABYPUmaZvRH0Q_w
				Accept=*/*
				Content-Type=application/json
Cookies:		<none>
Multiparts:		<none>
Body:			<none>
HTTP/1.1 202 
X-Content-Type-Options: nosniff
X-XSS-Protection: 0
Cache-Control: no-cache, no-store, max-age=0, must-revalidate
Pragma: no-cache
Expires: 0
X-Frame-Options: DENY
Content-Type: application/json
Transfer-Encoding: chunked
Date: Wed, 18 Dec 2024 18:54:34 GMT
Keep-Alive: timeout=60
Connection: keep-alive

{
    "title": "super heros",
    "content": "spider and robin",
    "imagename": "default.png",
    "addedDate": 1734548074382,
    "category": {
        "categoryTitle": "black adam",
        "cid": 7
    },
    "user": {
        "user_id": 2,
        "email": "postman07@gmail.com",
        "password": "$2a$10$R8oZblutkG1f4eyoR1peQet1/BsA8vmsIURRWfXwmHlxStsg3gYVu",
        "name": "jenkins",
        "roles": [
            {
                "roleId": 101,
                "rolename": "ROLE_NORMAL"
            }
        ]
    },
    "comments": [
        
    ],
    "pid": 7
}
{"title":"super heros","content":"spider and robin","imagename":"default.png","addedDate":1734548074382,"category":{"categoryTitle":"black adam","cid":7},"user":{"user_id":2,"email":"postman07@gmail.com","password":"$2a$10$R8oZblutkG1f4eyoR1peQet1/BsA8vmsIURRWfXwmHlxStsg3gYVu","name":"jenkins","roles":[{"roleId":101,"rolename":"ROLE_NORMAL"}]},"comments":[],"pid":7}
Request method:	POST
Request URI:	http://localhost:9092/api/post/image/upload/7
Proxy:			<none>
Request params:	<none>
Query params:	<none>
Form params:	<none>
Path params:	<none>
Headers:		authorization=Bearer eyJhbGciOiJIUzUxMiJ9.eyJzdWIiOiJwb3N0bWFuMDdAZ21haWwuY29tIiwiaWF0IjoxNzM0NTQ4MDczLCJleHAiOjE3MzQ1NjYwNzN9.ZWGO22wJQZIZ1AbzOSVCICuqVT5xf33b2bFDU_KaGgRGcWZgzMQkKWGeat0rN8A8h3gcRibABYPUmaZvRH0Q_w
				Accept=*/*
				Content-Type=multipart/form-data
Cookies:		<none>
Multiparts:		------------
				Content-Disposition: form-data; name = image; filename = profile.png
				Content-Type: application/octet-stream

				C:\Users\ASHOK\eclipse-workspace\BlogApp_apiTestScript\images\profile.png
Body:			<none>
HTTP/1.1 202 
X-Content-Type-Options: nosniff
X-XSS-Protection: 0
Cache-Control: no-cache, no-store, max-age=0, must-revalidate
Pragma: no-cache
Expires: 0
X-Frame-Options: DENY
Content-Type: application/json
Transfer-Encoding: chunked
Date: Wed, 18 Dec 2024 18:54:34 GMT
Keep-Alive: timeout=60
Connection: keep-alive

{
    "title": "super heros",
    "content": "spider and robin",
    "imagename": "7572e2b9-c080-49a9-badb-4c4cef8be24c.png",
    "addedDate": 1734548074382,
    "category": {
        "categoryTitle": "black adam",
        "cid": 7
    },
    "user": {
        "user_id": 2,
        "email": "postman07@gmail.com",
        "password": "$2a$10$R8oZblutkG1f4eyoR1peQet1/BsA8vmsIURRWfXwmHlxStsg3gYVu",
        "name": "jenkins",
        "roles": [
            {
                "roleId": 101,
                "rolename": "ROLE_NORMAL"
            }
        ]
    },
    "comments": [
        
    ],
    "pid": 7
}
{"title":"super heros","content":"spider and robin","imagename":"7572e2b9-c080-49a9-badb-4c4cef8be24c.png","addedDate":1734548074382,"category":{"categoryTitle":"black adam","cid":7},"user":{"user_id":2,"email":"postman07@gmail.com","password":"$2a$10$R8oZblutkG1f4eyoR1peQet1/BsA8vmsIURRWfXwmHlxStsg3gYVu","name":"jenkins","roles":[{"roleId":101,"rolename":"ROLE_NORMAL"}]},"comments":[],"pid":7}
Request method:	DELETE
Request URI:	http://localhost:9092/api/posts/7
Proxy:			<none>
Request params:	<none>
Query params:	<none>
Form params:	<none>
Path params:	<none>
Headers:		authorization=Bearer eyJhbGciOiJIUzUxMiJ9.eyJzdWIiOiJwb3N0bWFuMDdAZ21haWwuY29tIiwiaWF0IjoxNzM0NTQ4MDczLCJleHAiOjE3MzQ1NjYwNzN9.ZWGO22wJQZIZ1AbzOSVCICuqVT5xf33b2bFDU_KaGgRGcWZgzMQkKWGeat0rN8A8h3gcRibABYPUmaZvRH0Q_w
				Accept=*/*
				Content-Type=application/json
Cookies:		<none>
Multiparts:		<none>
Body:			<none>
HTTP/1.1 200 
X-Content-Type-Options: nosniff
X-XSS-Protection: 0
Cache-Control: no-cache, no-store, max-age=0, must-revalidate
Pragma: no-cache
Expires: 0
X-Frame-Options: DENY
Content-Type: application/json
Transfer-Encoding: chunked
Date: Wed, 18 Dec 2024 18:54:34 GMT
Keep-Alive: timeout=60
Connection: keep-alive

{
    "message": "Post deleted succesfully!",
    "status": true
}
{"message":"Post deleted succesfully!","status":true}
endToEndTest
]]></system-out>
    <system-err><![CDATA[SLF4J: Failed to load class "org.slf4j.impl.StaticLoggerBinder".
SLF4J: Defaulting to no-operation (NOP) logger implementation
SLF4J: See http://www.slf4j.org/codes.html#StaticLoggerBinder for further details.
]]></system-err>
  </testcase>
</testsuite>