<?xml version="1.0" encoding="UTF-8"?>
<testng-results ignored="0" total="1" passed="1" failed="0" skipped="0">
  <reporter-output>
  </reporter-output>
  <suite started-at="2024-12-19T00:24:28 IST" name="End to End flow (crud)" finished-at="2024-12-19T00:24:36 IST" duration-ms="8510">
    <groups>
    </groups>
    <test started-at="2024-12-19T00:24:28 IST" name="Flow test" finished-at="2024-12-19T00:24:36 IST" duration-ms="8510">
      <class name="test.RestAssuredTest">
        <test-method signature="endToEndTest()[pri:0, instance:test.RestAssuredTest@3ba9ad43]" started-at="2024-12-19T00:24:28 IST" name="endToEndTest" finished-at="2024-12-19T00:24:36 IST" duration-ms="8372" status="PASS">
          <reporter-output>
          </reporter-output>
        </test-method> <!-- endToEndTest -->
      </class> <!-- test.RestAssuredTest -->
    </test> <!-- Flow test -->
  </suite> <!-- End to End flow (crud) -->
</testng-results>
